This file contains any messages produced by compilers while
running configure, to aid debugging if configure makes a mistake.

It was created by libffi configure 2.1, which was
generated by GNU Autoconf 2.59.  Invocation command line was

  $ ./configure 

## --------- ##
## Platform. ##
## --------- ##

hostname = diablo
uname -m = i686
uname -r = 2.6.11-1.14_FC3smp
uname -s = Linux
uname -v = #1 SMP Thu Apr 7 19:38:19 EDT 2005

/usr/bin/uname -p = unknown
/bin/uname -X     = unknown

/bin/arch              = i686
/usr/bin/arch -k       = unknown
/usr/convex/getsysinfo = unknown
hostinfo               = unknown
/bin/machine           = unknown
/usr/bin/oslevel       = unknown
/bin/universe          = unknown

PATH: /localhome/basu/CatSim/bin
PATH: /usr/java/j2re1.4.2_01/bin
PATH: /usr/java/j2sdk1.4.1_02/bin
PATH: /localhome/basu/CatSim/bin
PATH: /usr/java/j2re1.4.2_01/bin
PATH: /usr/java/j2sdk1.4.1_02/bin
PATH: /usr/kerberos/bin
PATH: /usr/local/bin
PATH: /bin
PATH: /usr/bin
PATH: /usr/X11R6/bin
PATH: .
PATH: /localhome/basu/bin
PATH: /localhome/basu/IQTB/vct.54/scripts
PATH: /localhome/basu/IQTB/vct.54/linux/bin
PATH: /localhome/basu/IQTB/vct.54/merge/linux/bin
PATH: .
PATH: /localhome/basu/bin
PATH: /localhome/basu/IQTB/vct.54/scripts
PATH: /localhome/basu/IQTB/vct.54/linux/bin


## ----------- ##
## Core tests. ##
## ----------- ##

configure:1328: checking build system type
configure:1346: result: i686-pc-linux-gnu
configure:1354: checking host system type
configure:1368: result: i686-pc-linux-gnu
configure:1376: checking target system type
configure:1390: result: i686-pc-linux-gnu
configure:1420: checking for a BSD-compatible install
configure:1475: result: /usr/bin/install -c
configure:1486: checking whether build environment is sane
configure:1529: result: yes
configure:1586: checking for gawk
configure:1602: found /bin/gawk
configure:1612: result: gawk
configure:1622: checking whether make sets $(MAKE)
configure:1642: result: yes
configure:1852: checking for gcc
configure:1868: found /usr/bin/gcc
configure:1878: result: gcc
configure:2122: checking for C compiler version
configure:2125: gcc --version </dev/null >&5
gcc (GCC) 3.4.3 20050227 (Red Hat 3.4.3-22.fc3)
Copyright (C) 2004 Free Software Foundation, Inc.
This is free software; see the source for copying conditions.  There is NO
warranty; not even for MERCHANTABILITY or FITNESS FOR A PARTICULAR PURPOSE.

configure:2128: $? = 0
configure:2130: gcc -v </dev/null >&5
Reading specs from /usr/lib/gcc/i386-redhat-linux/3.4.3/specs
Configured with: ../configure --prefix=/usr --mandir=/usr/share/man --infodir=/usr/share/info --enable-shared --enable-threads=posix --disable-checking --with-system-zlib --enable-__cxa_atexit --disable-libunwind-exceptions --enable-java-awt=gtk --host=i386-redhat-linux
Thread model: posix
gcc version 3.4.3 20050227 (Red Hat 3.4.3-22.fc3)
configure:2133: $? = 0
configure:2135: gcc -V </dev/null >&5
gcc: `-V' option must have argument
configure:2138: $? = 1
configure:2161: checking for C compiler default output file name
configure:2164: gcc    conftest.c  >&5
configure:2167: $? = 0
configure:2213: result: a.out
configure:2218: checking whether the C compiler works
configure:2224: ./a.out
configure:2227: $? = 0
configure:2244: result: yes
configure:2251: checking whether we are cross compiling
configure:2253: result: no
configure:2256: checking for suffix of executables
configure:2258: gcc -o conftest    conftest.c  >&5
configure:2261: $? = 0
configure:2286: result: 
configure:2292: checking for suffix of object files
configure:2313: gcc -c   conftest.c >&5
configure:2316: $? = 0
configure:2338: result: o
configure:2342: checking whether we are using the GNU C compiler
configure:2366: gcc -c   conftest.c >&5
configure:2372: $? = 0
configure:2376: test -z 
			 || test ! -s conftest.err
configure:2379: $? = 0
configure:2382: test -s conftest.o
configure:2385: $? = 0
configure:2398: result: yes
configure:2404: checking whether gcc accepts -g
configure:2425: gcc -c -g  conftest.c >&5
configure:2431: $? = 0
configure:2435: test -z 
			 || test ! -s conftest.err
configure:2438: $? = 0
configure:2441: test -s conftest.o
configure:2444: $? = 0
configure:2455: result: yes
configure:2472: checking for gcc option to accept ANSI C
configure:2542: gcc  -c -g -O2  conftest.c >&5
configure:2548: $? = 0
configure:2552: test -z 
			 || test ! -s conftest.err
configure:2555: $? = 0
configure:2558: test -s conftest.o
configure:2561: $? = 0
configure:2579: result: none needed
configure:2597: gcc -c -g -O2  conftest.c >&5
conftest.c:2: error: syntax error before "me"
configure:2603: $? = 1
configure: failed program was:
| #ifndef __cplusplus
|   choke me
| #endif
configure:2747: checking for style of include used by make
configure:2775: result: GNU
configure:2803: checking dependency style of gcc
configure:2893: result: gcc3
configure:2921: checking whether gcc and cc understand -c and -o together
configure:2951: gcc -c conftest.c -o conftest.o >&5
configure:2954: $? = 0
configure:2956: gcc -c conftest.c -o conftest.o >&5
configure:2959: $? = 0
configure:2966: cc -c conftest.c >&5
configure:2969: $? = 0
configure:2972: cc -c conftest.c -o conftest.o >&5
configure:2975: $? = 0
configure:2977: cc -c conftest.c -o conftest.o >&5
configure:2980: $? = 0
configure:2998: result: yes
configure:3064: checking for ranlib
configure:3080: found /usr/bin/ranlib
configure:3091: result: ranlib
configure:3111: checking whether read-only mmap of a plain file works
configure:3128: result: yes
configure:3130: checking whether mmap from /dev/zero works
configure:3152: result: yes
configure:3156: checking for MAP_ANON(YMOUS)
configure:3184: gcc -c -g -O2  conftest.c >&5
configure:3190: $? = 0
configure:3194: test -z 
			 || test ! -s conftest.err
configure:3197: $? = 0
configure:3200: test -s conftest.o
configure:3203: $? = 0
configure:3214: result: yes
configure:3220: checking whether mmap with MAP_ANON(YMOUS) works
configure:3237: result: yes
configure:3500: checking how to run the C preprocessor
configure:3535: gcc -E  conftest.c
configure:3541: $? = 0
configure:3573: gcc -E  conftest.c
conftest.c:14:28: ac_nonexistent.h: No such file or directory
configure:3579: $? = 1
configure: failed program was:
| /* confdefs.h.  */
| 
| #define PACKAGE_NAME "libffi"
| #define PACKAGE_TARNAME "libffi"
| #define PACKAGE_VERSION "2.1"
| #define PACKAGE_STRING "libffi 2.1"
| #define PACKAGE_BUGREPORT "http://gcc.gnu.org/bugs.html"
| #define PACKAGE "libffi"
| #define VERSION "2.1"
| #define HAVE_MMAP_FILE 1
| #define HAVE_MMAP_DEV_ZERO 1
| #define HAVE_MMAP_ANON 1
| /* end confdefs.h.  */
| #include <ac_nonexistent.h>
configure:3618: result: gcc -E
configure:3642: gcc -E  conftest.c
configure:3648: $? = 0
configure:3680: gcc -E  conftest.c
conftest.c:14:28: ac_nonexistent.h: No such file or directory
configure:3686: $? = 1
configure: failed program was:
| /* confdefs.h.  */
| 
| #define PACKAGE_NAME "libffi"
| #define PACKAGE_TARNAME "libffi"
| #define PACKAGE_VERSION "2.1"
| #define PACKAGE_STRING "libffi 2.1"
| #define PACKAGE_BUGREPORT "http://gcc.gnu.org/bugs.html"
| #define PACKAGE "libffi"
| #define VERSION "2.1"
| #define HAVE_MMAP_FILE 1
| #define HAVE_MMAP_DEV_ZERO 1
| #define HAVE_MMAP_ANON 1
| /* end confdefs.h.  */
| #include <ac_nonexistent.h>
configure:3730: checking for egrep
configure:3740: result: grep -E
configure:3745: checking for ANSI C header files
configure:3770: gcc -c -g -O2  conftest.c >&5
configure:3776: $? = 0
configure:3780: test -z 
			 || test ! -s conftest.err
configure:3783: $? = 0
configure:3786: test -s conftest.o
configure:3789: $? = 0
configure:3878: gcc -o conftest -g -O2   conftest.c  >&5
configure:3881: $? = 0
configure:3883: ./conftest
configure:3886: $? = 0
configure:3901: result: yes
configure:3915: checking for memcpy
configure:3972: gcc -o conftest -g -O2   conftest.c  >&5
conftest.c:39: warning: conflicting types for built-in function 'memcpy'
configure:3978: $? = 0
configure:3982: test -z 
			 || test ! -s conftest.err
configure:3985: $? = 0
configure:3988: test -s conftest
configure:3991: $? = 0
configure:4003: result: yes
configure:4015: checking for working alloca.h
configure:4036: gcc -o conftest -g -O2   conftest.c  >&5
configure:4042: $? = 0
configure:4046: test -z 
			 || test ! -s conftest.err
configure:4049: $? = 0
configure:4052: test -s conftest
configure:4055: $? = 0
configure:4067: result: yes
configure:4077: checking for alloca
configure:4118: gcc -o conftest -g -O2   conftest.c  >&5
configure:4124: $? = 0
configure:4128: test -z 
			 || test ! -s conftest.err
configure:4131: $? = 0
configure:4134: test -s conftest
configure:4137: $? = 0
configure:4149: result: yes
configure:4373: checking size of double
configure:4398: gcc -c -g -O2  conftest.c >&5
conftest.c: In function `main':
conftest.c:25: error: duplicate case value
conftest.c:25: error: previously used here
configure:4404: $? = 1
configure: failed program was:
| /* confdefs.h.  */
| 
| #define PACKAGE_NAME "libffi"
| #define PACKAGE_TARNAME "libffi"
| #define PACKAGE_VERSION "2.1"
| #define PACKAGE_STRING "libffi 2.1"
| #define PACKAGE_BUGREPORT "http://gcc.gnu.org/bugs.html"
| #define PACKAGE "libffi"
| #define VERSION "2.1"
| #define HAVE_MMAP_FILE 1
| #define HAVE_MMAP_DEV_ZERO 1
| #define HAVE_MMAP_ANON 1
| #define STDC_HEADERS 1
| #define HAVE_MEMCPY 1
| #define HAVE_ALLOCA_H 1
| #define HAVE_ALLOCA 1
| /* end confdefs.h.  */
| #include "confdefs.h"
| #include <sys/types.h>
| 
| 
| int
| main ()
| {
| switch (0) case 0: case (sizeof (double) == 4):;
|   ;
|   return 0;
| }
configure:4398: gcc -c -g -O2  conftest.c >&5
configure:4404: $? = 0
configure:4408: test -z 
			 || test ! -s conftest.err
configure:4411: $? = 0
configure:4414: test -s conftest.o
configure:4417: $? = 0
configure:4436: result: 8
configure:4444: checking size of long double
configure:4469: gcc -c -g -O2  conftest.c >&5
conftest.c: In function `main':
conftest.c:26: error: duplicate case value
conftest.c:26: error: previously used here
configure:4475: $? = 1
configure: failed program was:
| /* confdefs.h.  */
| 
| #define PACKAGE_NAME "libffi"
| #define PACKAGE_TARNAME "libffi"
| #define PACKAGE_VERSION "2.1"
| #define PACKAGE_STRING "libffi 2.1"
| #define PACKAGE_BUGREPORT "http://gcc.gnu.org/bugs.html"
| #define PACKAGE "libffi"
| #define VERSION "2.1"
| #define HAVE_MMAP_FILE 1
| #define HAVE_MMAP_DEV_ZERO 1
| #define HAVE_MMAP_ANON 1
| #define STDC_HEADERS 1
| #define HAVE_MEMCPY 1
| #define HAVE_ALLOCA_H 1
| #define HAVE_ALLOCA 1
| #define SIZEOF_DOUBLE 8
| /* end confdefs.h.  */
| #include "confdefs.h"
| #include <sys/types.h>
| 
| 
| int
| main ()
| {
| switch (0) case 0: case (sizeof (long double) == 4):;
|   ;
|   return 0;
| }
configure:4469: gcc -c -g -O2  conftest.c >&5
conftest.c: In function `main':
conftest.c:26: error: duplicate case value
conftest.c:26: error: previously used here
configure:4475: $? = 1
configure: failed program was:
| /* confdefs.h.  */
| 
| #define PACKAGE_NAME "libffi"
| #define PACKAGE_TARNAME "libffi"
| #define PACKAGE_VERSION "2.1"
| #define PACKAGE_STRING "libffi 2.1"
| #define PACKAGE_BUGREPORT "http://gcc.gnu.org/bugs.html"
| #define PACKAGE "libffi"
| #define VERSION "2.1"
| #define HAVE_MMAP_FILE 1
| #define HAVE_MMAP_DEV_ZERO 1
| #define HAVE_MMAP_ANON 1
| #define STDC_HEADERS 1
| #define HAVE_MEMCPY 1
| #define HAVE_ALLOCA_H 1
| #define HAVE_ALLOCA 1
| #define SIZEOF_DOUBLE 8
| /* end confdefs.h.  */
| #include "confdefs.h"
| #include <sys/types.h>
| 
| 
| int
| main ()
| {
| switch (0) case 0: case (sizeof (long double) == 8):;
|   ;
|   return 0;
| }
configure:4469: gcc -c -g -O2  conftest.c >&5
conftest.c: In function `main':
conftest.c:26: error: duplicate case value
conftest.c:26: error: previously used here
configure:4475: $? = 1
configure: failed program was:
| /* confdefs.h.  */
| 
| #define PACKAGE_NAME "libffi"
| #define PACKAGE_TARNAME "libffi"
| #define PACKAGE_VERSION "2.1"
| #define PACKAGE_STRING "libffi 2.1"
| #define PACKAGE_BUGREPORT "http://gcc.gnu.org/bugs.html"
| #define PACKAGE "libffi"
| #define VERSION "2.1"
| #define HAVE_MMAP_FILE 1
| #define HAVE_MMAP_DEV_ZERO 1
| #define HAVE_MMAP_ANON 1
| #define STDC_HEADERS 1
| #define HAVE_MEMCPY 1
| #define HAVE_ALLOCA_H 1
| #define HAVE_ALLOCA 1
| #define SIZEOF_DOUBLE 8
| /* end confdefs.h.  */
| #include "confdefs.h"
| #include <sys/types.h>
| 
| 
| int
| main ()
| {
| switch (0) case 0: case (sizeof (long double) == 1):;
|   ;
|   return 0;
| }
configure:4469: gcc -c -g -O2  conftest.c >&5
conftest.c: In function `main':
conftest.c:26: error: duplicate case value
conftest.c:26: error: previously used here
configure:4475: $? = 1
configure: failed program was:
| /* confdefs.h.  */
| 
| #define PACKAGE_NAME "libffi"
| #define PACKAGE_TARNAME "libffi"
| #define PACKAGE_VERSION "2.1"
| #define PACKAGE_STRING "libffi 2.1"
| #define PACKAGE_BUGREPORT "http://gcc.gnu.org/bugs.html"
| #define PACKAGE "libffi"
| #define VERSION "2.1"
| #define HAVE_MMAP_FILE 1
| #define HAVE_MMAP_DEV_ZERO 1
| #define HAVE_MMAP_ANON 1
| #define STDC_HEADERS 1
| #define HAVE_MEMCPY 1
| #define HAVE_ALLOCA_H 1
| #define HAVE_ALLOCA 1
| #define SIZEOF_DOUBLE 8
| /* end confdefs.h.  */
| #include "confdefs.h"
| #include <sys/types.h>
| 
| 
| int
| main ()
| {
| switch (0) case 0: case (sizeof (long double) == 2):;
|   ;
|   return 0;
| }
configure:4469: gcc -c -g -O2  conftest.c >&5
conftest.c: In function `main':
conftest.c:26: error: duplicate case value
conftest.c:26: error: previously used here
configure:4475: $? = 1
configure: failed program was:
| /* confdefs.h.  */
| 
| #define PACKAGE_NAME "libffi"
| #define PACKAGE_TARNAME "libffi"
| #define PACKAGE_VERSION "2.1"
| #define PACKAGE_STRING "libffi 2.1"
| #define PACKAGE_BUGREPORT "http://gcc.gnu.org/bugs.html"
| #define PACKAGE "libffi"
| #define VERSION "2.1"
| #define HAVE_MMAP_FILE 1
| #define HAVE_MMAP_DEV_ZERO 1
| #define HAVE_MMAP_ANON 1
| #define STDC_HEADERS 1
| #define HAVE_MEMCPY 1
| #define HAVE_ALLOCA_H 1
| #define HAVE_ALLOCA 1
| #define SIZEOF_DOUBLE 8
| /* end confdefs.h.  */
| #include "confdefs.h"
| #include <sys/types.h>
| 
| 
| int
| main ()
| {
| switch (0) case 0: case (sizeof (long double) == 16):;
|   ;
|   return 0;
| }
configure:4469: gcc -c -g -O2  conftest.c >&5
configure:4475: $? = 0
configure:4479: test -z 
			 || test ! -s conftest.err
configure:4482: $? = 0
configure:4485: test -s conftest.o
configure:4488: $? = 0
configure:4507: result: 12
configure:4667: checking whether .eh_frame section should be read-only
configure:4686: result: yes
configure:5027: creating ./config.status

## ---------------------- ##
## Running config.status. ##
## ---------------------- ##

This file was extended by libffi config.status 2.1, which was
generated by GNU Autoconf 2.59.  Invocation command line was

  CONFIG_FILES    = 
  CONFIG_HEADERS  = 
  CONFIG_LINKS    = 
  CONFIG_COMMANDS = 
  $ ./config.status 

on diablo

config.status:760: creating include/Makefile
config.status:760: creating include/ffi.h
config.status:760: creating Makefile
config.status:760: creating testsuite/Makefile
config.status:864: creating fficonfig.h
config.status:974: fficonfig.h is unchanged
config.status:1053: linking ./src/x86/ffitarget.h to include/ffitarget.h
config.status:1290: executing depfiles commands
config.status:1290: executing include commands
config.status:1290: executing src commands

## ---------------- ##
## Cache variables. ##
## ---------------- ##

ac_cv_build=i686-pc-linux-gnu
ac_cv_build_alias=i686-pc-linux-gnu
ac_cv_c_compiler_gnu=yes
ac_cv_decl_map_anon=yes
ac_cv_env_CCASFLAGS_set=
ac_cv_env_CCASFLAGS_value=
ac_cv_env_CCAS_set=
ac_cv_env_CCAS_value=
ac_cv_env_CC_set=
ac_cv_env_CC_value=
ac_cv_env_CFLAGS_set=
ac_cv_env_CFLAGS_value=
ac_cv_env_CPPFLAGS_set=
ac_cv_env_CPPFLAGS_value=
ac_cv_env_CPP_set=
ac_cv_env_CPP_value=
ac_cv_env_LDFLAGS_set=
ac_cv_env_LDFLAGS_value=
ac_cv_env_build_alias_set=
ac_cv_env_build_alias_value=
ac_cv_env_host_alias_set=
ac_cv_env_host_alias_value=
ac_cv_env_target_alias_set=
ac_cv_env_target_alias_value=
ac_cv_exeext=
ac_cv_func_alloca_works=yes
ac_cv_func_memcpy=yes
ac_cv_func_mmap_anon=yes
ac_cv_func_mmap_dev_zero=yes
ac_cv_func_mmap_file=yes
ac_cv_header_stdc=yes
ac_cv_host=i686-pc-linux-gnu
ac_cv_host_alias=i686-pc-linux-gnu
ac_cv_objext=o
ac_cv_path_install='/usr/bin/install -c'
ac_cv_prog_AWK=gawk
ac_cv_prog_CPP='gcc -E'
ac_cv_prog_ac_ct_CC=gcc
ac_cv_prog_ac_ct_RANLIB=ranlib
ac_cv_prog_cc_g=yes
ac_cv_prog_cc_gcc_c_o=yes
ac_cv_prog_cc_stdc=
ac_cv_prog_egrep='grep -E'
ac_cv_prog_make_make_set=yes
ac_cv_sizeof_double=8
ac_cv_sizeof_long_double=12
ac_cv_target=i686-pc-linux-gnu
ac_cv_target_alias=i686-pc-linux-gnu
ac_cv_working_alloca_h=yes
am_cv_CC_dependencies_compiler_type=gcc3
libffi_cv_ro_eh_frame=yes

## ----------------- ##
## Output variables. ##
## ----------------- ##

ACLOCAL='${SHELL} /localhome/basu/fmqt/FreeMat2/missing --run aclocal-1.8'
ALLOCA=''
ALPHA_FALSE=''
ALPHA_TRUE='#'
AMDEPBACKSLASH='\'
AMDEP_FALSE='#'
AMDEP_TRUE=''
AMTAR='${SHELL} /localhome/basu/fmqt/FreeMat2/missing --run tar'
AM_RUNTESTFLAGS=''
ARM_FALSE=''
ARM_TRUE='#'
AUTOCONF='${SHELL} /localhome/basu/fmqt/FreeMat2/missing --run autoconf'
AUTOHEADER='${SHELL} /localhome/basu/fmqt/FreeMat2/missing --run autoheader'
AUTOMAKE='${SHELL} /localhome/basu/fmqt/FreeMat2/missing --run automake-1.8'
AWK='gawk'
CC='gcc'
CCAS='gcc'
CCASFLAGS='-g -O2'
CCDEPMODE='depmode=gcc3'
CFLAGS='-g -O2'
CPP='gcc -E'
CPPFLAGS=''
CYGPATH_W='echo'
DEFS='-DHAVE_CONFIG_H'
DEPDIR='.deps'
ECHO_C=''
ECHO_N='-n'
ECHO_T=''
EGREP='grep -E'
EXEEXT=''
HAVE_LONG_DOUBLE='1'
IA64_FALSE=''
IA64_TRUE='#'
INSTALL_DATA='${INSTALL} -m 644'
INSTALL_PROGRAM='${INSTALL}'
INSTALL_SCRIPT='${INSTALL}'
INSTALL_STRIP_PROGRAM='${SHELL} $(install_sh) -c -s'
LDFLAGS=''
LIBOBJS=''
LIBS=''
LTLIBOBJS=''
M68K_FALSE=''
M68K_TRUE='#'
MAKEINFO='${SHELL} /localhome/basu/fmqt/FreeMat2/missing --run makeinfo'
MIPS_IRIX_FALSE=''
MIPS_IRIX_TRUE='#'
MIPS_LINUX_FALSE=''
MIPS_LINUX_TRUE='#'
OBJEXT='o'
PACKAGE='libffi'
PACKAGE_BUGREPORT='http://gcc.gnu.org/bugs.html'
PACKAGE_NAME='libffi'
PACKAGE_STRING='libffi 2.1'
PACKAGE_TARNAME='libffi'
PACKAGE_VERSION='2.1'
PATH_SEPARATOR=':'
PA_FALSE=''
PA_TRUE='#'
POWERPC_AIX_FALSE=''
POWERPC_AIX_TRUE='#'
POWERPC_DARWIN_FALSE=''
POWERPC_DARWIN_TRUE='#'
POWERPC_FALSE=''
POWERPC_TRUE='#'
RANLIB='ranlib'
S390_FALSE=''
S390_TRUE='#'
SET_MAKE=''
SH64_FALSE=''
SH64_TRUE='#'
SHELL='/bin/sh'
SH_FALSE=''
SH_TRUE='#'
SPARC_FALSE=''
SPARC_TRUE='#'
STRIP=''
TARGET='X86'
TARGETDIR='x86'
TESTSUBDIR_FALSE='#'
TESTSUBDIR_TRUE=''
VERSION='2.1'
X86_64_FALSE=''
X86_64_TRUE='#'
X86_FALSE='#'
X86_TRUE=''
X86_WIN32_FALSE=''
X86_WIN32_TRUE='#'
ac_ct_CC='gcc'
ac_ct_RANLIB='ranlib'
ac_ct_STRIP=''
am__fastdepCC_FALSE='#'
am__fastdepCC_TRUE=''
am__include='include'
am__leading_dot='.'
am__quote=''
bindir='${exec_prefix}/bin'
build='i686-pc-linux-gnu'
build_alias=''
build_cpu='i686'
build_os='linux-gnu'
build_vendor='pc'
datadir='${prefix}/share'
exec_prefix='${prefix}'
gcc_version=''
host='i686-pc-linux-gnu'
host_alias=''
host_cpu='i686'
host_os='linux-gnu'
host_vendor='pc'
includedir='${prefix}/include'
infodir='${prefix}/info'
install_sh='/localhome/basu/fmqt/FreeMat2/install-sh'
libdir='${exec_prefix}/lib'
libexecdir='${exec_prefix}/libexec'
localstatedir='${prefix}/var'
mandir='${prefix}/man'
mkdir_p='mkdir -p -- .'
oldincludedir='/usr/include'
prefix='/usr/local'
program_transform_name='s,x,x,'
sbindir='${exec_prefix}/sbin'
sharedstatedir='${prefix}/com'
sysconfdir='${prefix}/etc'
target='i686-pc-linux-gnu'
target_alias=''
target_cpu='i686'
target_os='linux-gnu'
target_vendor='pc'
tool_include_dir=''
toolexecdir='$(libdir)/gcc-lib/$(target_alias)'
toolexeclibdir='$(libdir)'

## ----------- ##
## confdefs.h. ##
## ----------- ##

#define EH_FRAME_FLAGS "a"
#define HAVE_ALLOCA 1
#define HAVE_ALLOCA_H 1
#define HAVE_LONG_DOUBLE 1
#define HAVE_MEMCPY 1
#define HAVE_MMAP_ANON 1
#define HAVE_MMAP_DEV_ZERO 1
#define HAVE_MMAP_FILE 1
#define HAVE_RO_EH_FRAME 1
#define PACKAGE "libffi"
#define PACKAGE_BUGREPORT "http://gcc.gnu.org/bugs.html"
#define PACKAGE_NAME "libffi"
#define PACKAGE_STRING "libffi 2.1"
#define PACKAGE_TARNAME "libffi"
#define PACKAGE_VERSION "2.1"
#define SIZEOF_DOUBLE 8
#define SIZEOF_LONG_DOUBLE 12
#define STDC_HEADERS 1
#define VERSION "2.1"

configure: exit 0
